<?xml version="1.0" encoding="UTF-8"?>
<testsuite name="test.Test1" tests="1" skipped="0" failures="0" errors="0" timestamp="2021-05-26T14:06:30" hostname="DEMULC008499" time="0.145">
  <properties/>
  <testcase name="Test02()" classname="test.Test1" time="0.145"/>
  <system-out><![CDATA[]]></system-out>
  <system-err><![CDATA[]]></system-err>
</testsuite>
